InnoDB: using atomic writes.
2020-12-09 22:24:17 0 [Note] InnoDB: Mutexes and rw_locks use Windows interlocked functions
2020-12-09 22:24:17 0 [Note] InnoDB: Uses event mutexes
2020-12-09 22:24:17 0 [Note] InnoDB: Compressed tables use zlib 1.2.11
2020-12-09 22:24:17 0 [Note] InnoDB: Number of pools: 1
2020-12-09 22:24:17 0 [Note] InnoDB: Using SSE2 crc32 instructions
2020-12-09 22:24:17 0 [Note] InnoDB: Initializing buffer pool, total size = 16M, instances = 1, chunk size = 16M
2020-12-09 22:24:17 0 [Note] InnoDB: Completed initialization of buffer pool
2020-12-09 22:24:17 0 [Note] InnoDB: Starting crash recovery from checkpoint LSN=300288
2020-12-09 22:24:17 0 [Note] InnoDB: 128 out of 128 rollback segments are active.
2020-12-09 22:24:17 0 [Note] InnoDB: Removed temporary tablespace data file: "ibtmp1"
2020-12-09 22:24:17 0 [Note] InnoDB: Creating shared tablespace for temporary tables
2020-12-09 22:24:17 0 [Note] InnoDB: Setting file 'C:\xampp\mysql\data\ibtmp1' size to 12 MB. Physically writing the file full; Please wait ...
2020-12-09 22:24:17 0 [Note] InnoDB: File 'C:\xampp\mysql\data\ibtmp1' size is now 12 MB.
2020-12-09 22:24:17 0 [Note] InnoDB: Waiting for purge to start
2020-12-09 22:24:17 0 [Note] InnoDB: 10.4.14 started; log sequence number 300297; transaction id 171
2020-12-09 22:24:17 0 [Note] InnoDB: Loading buffer pool(s) from C:\xampp\mysql\data\ib_buffer_pool
2020-12-09 22:24:17 0 [Note] Plugin 'FEEDBACK' is disabled.
2020-12-09 22:24:17 0 [Note] Server socket created on IP: '::'.
2020-12-09 22:24:17 0 [Note] InnoDB: Buffer pool(s) load completed at 201209 22:24:17
InnoDB: using atomic writes.
2020-12-10 11:25:34 0 [Note] InnoDB: Mutexes and rw_locks use Windows interlocked functions
2020-12-10 11:25:34 0 [Note] InnoDB: Uses event mutexes
2020-12-10 11:25:34 0 [Note] InnoDB: Compressed tables use zlib 1.2.11
2020-12-10 11:25:34 0 [Note] InnoDB: Number of pools: 1
2020-12-10 11:25:34 0 [Note] InnoDB: Using SSE2 crc32 instructions
2020-12-10 11:25:34 0 [Note] InnoDB: Initializing buffer pool, total size = 16M, instances = 1, chunk size = 16M
2020-12-10 11:25:34 0 [Note] InnoDB: Completed initialization of buffer pool
2020-12-10 11:25:34 0 [Note] InnoDB: Starting crash recovery from checkpoint LSN=300306
2020-12-10 11:25:34 0 [Note] InnoDB: 128 out of 128 rollback segments are active.
2020-12-10 11:25:34 0 [Note] InnoDB: Removed temporary tablespace data file: "ibtmp1"
2020-12-10 11:25:34 0 [Note] InnoDB: Creating shared tablespace for temporary tables
2020-12-10 11:25:34 0 [Note] InnoDB: Setting file 'C:\xampp\mysql\data\ibtmp1' size to 12 MB. Physically writing the file full; Please wait ...
2020-12-10 11:25:34 0 [Note] InnoDB: File 'C:\xampp\mysql\data\ibtmp1' size is now 12 MB.
2020-12-10 11:25:34 0 [Note] InnoDB: Waiting for purge to start
2020-12-10 11:25:34 0 [Note] InnoDB: 10.4.14 started; log sequence number 300315; transaction id 171
2020-12-10 11:25:34 0 [Note] InnoDB: Loading buffer pool(s) from C:\xampp\mysql\data\ib_buffer_pool
2020-12-10 11:25:34 0 [Note] Plugin 'FEEDBACK' is disabled.
2020-12-10 11:25:34 0 [Note] Server socket created on IP: '::'.
2020-12-10 11:25:34 0 [Note] InnoDB: Buffer pool(s) load completed at 201210 11:25:34
InnoDB: using atomic writes.
2020-12-10 15:28:43 0 [Note] InnoDB: Mutexes and rw_locks use Windows interlocked functions
2020-12-10 15:28:43 0 [Note] InnoDB: Uses event mutexes
2020-12-10 15:28:43 0 [Note] InnoDB: Compressed tables use zlib 1.2.11
2020-12-10 15:28:43 0 [Note] InnoDB: Number of pools: 1
2020-12-10 15:28:43 0 [Note] InnoDB: Using SSE2 crc32 instructions
2020-12-10 15:28:43 0 [Note] InnoDB: Initializing buffer pool, total size = 16M, instances = 1, chunk size = 16M
2020-12-10 15:28:43 0 [Note] InnoDB: Completed initialization of buffer pool
2020-12-10 15:28:44 0 [Note] InnoDB: Starting crash recovery from checkpoint LSN=360744
2020-12-10 15:28:44 0 [Note] InnoDB: 128 out of 128 rollback segments are active.
2020-12-10 15:28:44 0 [Note] InnoDB: Removed temporary tablespace data file: "ibtmp1"
2020-12-10 15:28:44 0 [Note] InnoDB: Creating shared tablespace for temporary tables
2020-12-10 15:28:44 0 [Note] InnoDB: Setting file 'C:\xampp\mysql\data\ibtmp1' size to 12 MB. Physically writing the file full; Please wait ...
2020-12-10 15:28:44 0 [Note] InnoDB: File 'C:\xampp\mysql\data\ibtmp1' size is now 12 MB.
2020-12-10 15:28:44 0 [Note] InnoDB: Waiting for purge to start
2020-12-10 15:28:44 0 [Note] InnoDB: 10.4.14 started; log sequence number 360753; transaction id 397
2020-12-10 15:28:44 0 [Note] InnoDB: Loading buffer pool(s) from C:\xampp\mysql\data\ib_buffer_pool
2020-12-10 15:28:44 0 [Note] Plugin 'FEEDBACK' is disabled.
2020-12-10 15:28:44 0 [Note] InnoDB: Buffer pool(s) load completed at 201210 15:28:44
2020-12-10 15:28:44 0 [Note] Server socket created on IP: '::'.
